0 info it worked if it ends with ok
1 verbose cli [ 'C:\\Program Files\\nodejs\\node.exe',
1 verbose cli   'C:\\Program Files\\nodejs\\node_modules\\npm\\bin\\npm-cli.js',
1 verbose cli   'start' ]
2 info using npm@3.10.10
3 info using node@v6.9.5
4 verbose run-script [ 'prestart', 'start', 'poststart' ]
5 info lifecycle stampede@0.0.0~prestart: stampede@0.0.0
6 silly lifecycle stampede@0.0.0~prestart: no script for prestart, continuing
7 info lifecycle stampede@0.0.0~start: stampede@0.0.0
8 verbose lifecycle stampede@0.0.0~start: unsafe-perm in lifecycle true
9 verbose lifecycle stampede@0.0.0~start: PATH: C:\Program Files\nodejs\node_modules\npm\bin\node-gyp-bin;C:\Users\admin\Desktop\uc-merced-hack\node_modules\.bin;C:\Program Files\Python36\Scripts\;C:\Program Files\Python36\;C:\Program Files (x86)\Intel\iCLS Client\;C:\Program Files\Intel\iCLS Client\;C:\ProgramData\Oracle\Java\javapath;C:\WINDOWS\system32;C:\WINDOWS;C:\WINDOWS\System32\Wbem;C:\WINDOWS\System32\WindowsPowerShell\v1.0\;C:\Program Files (x86)\Windows Live\Shared;C:\Program Files (x86)\Intel\Intel(R) Management Engine Components\DAL;C:\Program Files\Intel\Intel(R) Management Engine Components\DAL;C:\Program Files (x86)\Intel\Intel(R) Management Engine Components\IPT;C:\Program Files\Intel\Intel(R) Management Engine Components\IPT;c:\Program Files\Intel\WiFi\bin\;c:\Program Files\Common Files\Intel\WirelessCommon\;C:\Program Files (x86)\PharosSystems\Core;C:\Program Files\IBM\SPSS\Statistics\24\JRE\bin;C:\Program Files (x86)\Skype\Phone\;C:\Users\admin\AppData\Local\GitHub\PortableGit_f02737a78695063deace08e96d5042710d3e32db\cmd;C:\Program Files\nodejs\;C:\Program Files\Git\cmd;c:\Program Files\Intel\WiFi\bin\;c:\Program Files\Common Files\Intel\WirelessCommon\;C:\Users\admin\AppData\Local\Microsoft\WindowsApps;;C:\Program Files (x86)\Microsoft VS Code\bin;C:\Users\admin\AppData\Roaming\npm;C:\Program Files\Heroku\bin
10 verbose lifecycle stampede@0.0.0~start: CWD: C:\Users\admin\Desktop\uc-merced-hack
11 silly lifecycle stampede@0.0.0~start: Args: [ '/d /s /c', 'node ./bin/www' ]
12 silly lifecycle stampede@0.0.0~start: Returned: code: 1  signal: null
13 info lifecycle stampede@0.0.0~start: Failed to exec start script
14 verbose stack Error: stampede@0.0.0 start: `node ./bin/www`
14 verbose stack Exit status 1
14 verbose stack     at EventEmitter.<anonymous> (C:\Program Files\nodejs\node_modules\npm\lib\utils\lifecycle.js:255:16)
14 verbose stack     at emitTwo (events.js:106:13)
14 verbose stack     at EventEmitter.emit (events.js:191:7)
14 verbose stack     at ChildProcess.<anonymous> (C:\Program Files\nodejs\node_modules\npm\lib\utils\spawn.js:40:14)
14 verbose stack     at emitTwo (events.js:106:13)
14 verbose stack     at ChildProcess.emit (events.js:191:7)
14 verbose stack     at maybeClose (internal/child_process.js:877:16)
14 verbose stack     at Process.ChildProcess._handle.onexit (internal/child_process.js:226:5)
15 verbose pkgid stampede@0.0.0
16 verbose cwd C:\Users\admin\Desktop\uc-merced-hack
17 error Windows_NT 10.0.14393
18 error argv "C:\\Program Files\\nodejs\\node.exe" "C:\\Program Files\\nodejs\\node_modules\\npm\\bin\\npm-cli.js" "start"
19 error node v6.9.5
20 error npm  v3.10.10
21 error code ELIFECYCLE
22 error stampede@0.0.0 start: `node ./bin/www`
22 error Exit status 1
23 error Failed at the stampede@0.0.0 start script 'node ./bin/www'.
23 error Make sure you have the latest version of node.js and npm installed.
23 error If you do, this is most likely a problem with the stampede package,
23 error not with npm itself.
23 error Tell the author that this fails on your system:
23 error     node ./bin/www
23 error You can get information on how to open an issue for this project with:
23 error     npm bugs stampede
23 error Or if that isn't available, you can get their info via:
23 error     npm owner ls stampede
23 error There is likely additional logging output above.
24 verbose exit [ 1, true ]
